<?xml version="1.0" encoding="UTF-8"?>
<!-- Generated by org.testng.reporters.JUnitReportReporter -->
<testsuite hostname="DESKTOP-JTCIL9C" failures="0" tests="9" name="WalmartCaTest.OnboardTest" time="252.405" errors="0" timestamp="2023-10-02T22:44:57 IST" skipped="3">
  <testcase classname="WalmartCaTest.OnboardTest" name="VerifyStep1Link" time="59.599"/>
  <testcase classname="WalmartCaTest.OnboardTest" name="BothValid" time="6.239"/>
  <testcase classname="WalmartCaTest.OnboardTest" name="VerifyNextButtonBytype" time="32.148"/>
  <testcase classname="WalmartCaTest.OnboardTest" name="VerifyValidationForRequiredAttributes" time="15.028"/>
  <testcase classname="WalmartCaTest.OnboardTest" name="CheckSkipandContinueBtnisVisible" time="65.592"/>
  <testcase classname="WalmartCaTest.OnboardTest" name="CheckSkipandContinueBtnisredirecting" time="73.799"/>
  <testcase classname="WalmartCaTest.OnboardTest" name="VerifyClickHereLink">
    <skipped/>
  </testcase> <!-- VerifyClickHereLink -->
  <testcase classname="WalmartCaTest.OnboardTest" name="VerifyCategoryDropdown">
    <skipped/>
  </testcase> <!-- VerifyCategoryDropdown -->
  <testcase classname="WalmartCaTest.OnboardTest" name="VerifyValidationtext">
    <skipped/>
  </testcase> <!-- VerifyValidationtext -->
</testsuite> <!-- WalmartCaTest.OnboardTest -->
