<?xml version="1.0" encoding="UTF-8"?>
<!-- Generated by org.testng.reporters.JUnitReportReporter -->
<testsuite hostname="rishabh-1853" failures="0" tests="9" name="WalmartCaTest.OnboardTest" time="168.409" errors="0" timestamp="2023-10-03T17:13:45 IST" skipped="3">
  <testcase classname="WalmartCaTest.OnboardTest" name="VerifyStep1Link" time="64.886"/>
  <testcase classname="WalmartCaTest.OnboardTest" name="BothValid" time="14.952"/>
  <testcase classname="WalmartCaTest.OnboardTest" name="VerifyNextButtonBytype" time="35.299"/>
  <testcase classname="WalmartCaTest.OnboardTest" name="VerifyValidationForRequiredAttributes" time="38.761"/>
  <testcase classname="WalmartCaTest.OnboardTest" name="CheckSkipandContinueBtnisVisible" time="5.734"/>
  <testcase classname="WalmartCaTest.OnboardTest" name="CheckSkipandContinueBtnisredirecting" time="8.777"/>
  <testcase classname="WalmartCaTest.OnboardTest" name="VerifyClickHereLink">
    <skipped/>
  </testcase> <!-- VerifyClickHereLink -->
  <testcase classname="WalmartCaTest.OnboardTest" name="VerifyCategoryDropdown">
    <skipped/>
  </testcase> <!-- VerifyCategoryDropdown -->
  <testcase classname="WalmartCaTest.OnboardTest" name="VerifyValidationtext">
    <skipped/>
  </testcase> <!-- VerifyValidationtext -->
</testsuite> <!-- WalmartCaTest.OnboardTest -->
