<?xml version="1.0" encoding="UTF-8"?>
<!-- Generated by org.testng.reporters.JUnitReportReporter -->
<testsuite hostname="DESKTOP-JTCIL9C" failures="0" tests="24" name="WalmartCaTest.OnboardTest" time="157.730" errors="0" timestamp="2023-09-27T22:31:30 IST" skipped="11">
  <testcase classname="WalmartCaTest.OnboardTest" name="VerifyStep1Link" time="59.979"/>
  <testcase classname="WalmartCaTest.OnboardTest" name="BothValid" time="7.913"/>
  <testcase classname="WalmartCaTest.OnboardTest" name="selectProductType" time="9.169"/>
  <testcase classname="WalmartCaTest.OnboardTest" name="selectProductVendor" time="6.088"/>
  <testcase classname="WalmartCaTest.OnboardTest" name="selectCollection" time="7.390"/>
  <testcase classname="WalmartCaTest.OnboardTest" name="SelectPublishProduct" time="3.070"/>
  <testcase classname="WalmartCaTest.OnboardTest" name="SelectAllProduct" time="3.099"/>
  <testcase classname="WalmartCaTest.OnboardTest" name="SelectAnyCollectionandClickOnImport" time="6.970"/>
  <testcase classname="WalmartCaTest.OnboardTest" name="SelectAnyvendorandClickOnImport" time="7.067"/>
  <testcase classname="WalmartCaTest.OnboardTest" name="SelectAnytypeandClickOnImport" time="6.959"/>
  <testcase classname="WalmartCaTest.OnboardTest" name="InstantImportViaCollection" time="10.313"/>
  <testcase classname="WalmartCaTest.OnboardTest" name="InstantImportViaVendor" time="20.042"/>
  <testcase classname="WalmartCaTest.OnboardTest" name="InstantImportViatype" time="9.671"/>
  <testcase classname="WalmartCaTest.OnboardTest" name="BothInvalid">
    <skipped/>
  </testcase> <!-- BothInvalid -->
  <testcase classname="WalmartCaTest.OnboardTest" name="readMoreClickable">
    <skipped/>
  </testcase> <!-- readMoreClickable -->
  <testcase classname="WalmartCaTest.OnboardTest" name="ImportOptionVisible">
    <skipped/>
  </testcase> <!-- ImportOptionVisible -->
  <testcase classname="WalmartCaTest.OnboardTest" name="uncheckCheckBox">
    <skipped/>
  </testcase> <!-- uncheckCheckBox -->
  <testcase classname="WalmartCaTest.OnboardTest" name="checkCheckBox">
    <skipped/>
  </testcase> <!-- checkCheckBox -->
  <testcase classname="WalmartCaTest.OnboardTest" name="SellerCenterClickable">
    <skipped/>
  </testcase> <!-- SellerCenterClickable -->
  <testcase classname="WalmartCaTest.OnboardTest" name="ClickOnApplyFilter">
    <skipped/>
  </testcase> <!-- ClickOnApplyFilter -->
  <testcase classname="WalmartCaTest.OnboardTest" name="VerifyClickHereLink">
    <skipped/>
  </testcase> <!-- VerifyClickHereLink -->
  <testcase classname="WalmartCaTest.OnboardTest" name="IfConsumeridIsgiven">
    <skipped/>
  </testcase> <!-- IfConsumeridIsgiven -->
  <testcase classname="WalmartCaTest.OnboardTest" name="verifyContactUS">
    <skipped/>
  </testcase> <!-- verifyContactUS -->
  <testcase classname="WalmartCaTest.OnboardTest" name="IfSecretKeyIsgiven">
    <skipped/>
  </testcase> <!-- IfSecretKeyIsgiven -->
</testsuite> <!-- WalmartCaTest.OnboardTest -->
