<?xml version="1.0" encoding="UTF-8"?>
<!-- Generated by org.testng.reporters.JUnitReportReporter -->
<testsuite hostname="DESKTOP-JTCIL9C" failures="0" tests="29" name="WalmartCaTest.OnboardTest" time="138.474" errors="0" timestamp="2023-09-29T22:21:30 IST" skipped="24">
  <testcase classname="WalmartCaTest.OnboardTest" name="VerifyStep1Link" time="69.176"/>
  <testcase classname="WalmartCaTest.OnboardTest" name="BothValid" time="7.036"/>
  <testcase classname="WalmartCaTest.OnboardTest" name="VerifyNextButtonByCollection" time="22.258"/>
  <testcase classname="WalmartCaTest.OnboardTest" name="VerifyNextButtonByVendor" time="25.414"/>
  <testcase classname="WalmartCaTest.OnboardTest" name="VerifyNextButtonBytype" time="14.590"/>
  <testcase classname="WalmartCaTest.OnboardTest" name="ClickOnApplyFilter">
    <skipped/>
  </testcase> <!-- ClickOnApplyFilter -->
  <testcase classname="WalmartCaTest.OnboardTest" name="InstantImportViaCollection">
    <skipped/>
  </testcase> <!-- InstantImportViaCollection -->
  <testcase classname="WalmartCaTest.OnboardTest" name="IfSecretKeyIsgiven">
    <skipped/>
  </testcase> <!-- IfSecretKeyIsgiven -->
  <testcase classname="WalmartCaTest.OnboardTest" name="IfConsumeridIsgiven">
    <skipped/>
  </testcase> <!-- IfConsumeridIsgiven -->
  <testcase classname="WalmartCaTest.OnboardTest" name="verifyContactUS">
    <skipped/>
  </testcase> <!-- verifyContactUS -->
  <testcase classname="WalmartCaTest.OnboardTest" name="ImportOptionVisible">
    <skipped/>
  </testcase> <!-- ImportOptionVisible -->
  <testcase classname="WalmartCaTest.OnboardTest" name="checkCheckBox">
    <skipped/>
  </testcase> <!-- checkCheckBox -->
  <testcase classname="WalmartCaTest.OnboardTest" name="readMoreClickable">
    <skipped/>
  </testcase> <!-- readMoreClickable -->
  <testcase classname="WalmartCaTest.OnboardTest" name="InstantAllImport">
    <skipped/>
  </testcase> <!-- InstantAllImport -->
  <testcase classname="WalmartCaTest.OnboardTest" name="SelectPublishProduct">
    <skipped/>
  </testcase> <!-- SelectPublishProduct -->
  <testcase classname="WalmartCaTest.OnboardTest" name="InstantImportViaVendor">
    <skipped/>
  </testcase> <!-- InstantImportViaVendor -->
  <testcase classname="WalmartCaTest.OnboardTest" name="InstantPublishImport">
    <skipped/>
  </testcase> <!-- InstantPublishImport -->
  <testcase classname="WalmartCaTest.OnboardTest" name="SelectAnyCollectionandClickOnImport">
    <skipped/>
  </testcase> <!-- SelectAnyCollectionandClickOnImport -->
  <testcase classname="WalmartCaTest.OnboardTest" name="SelectAllProduct">
    <skipped/>
  </testcase> <!-- SelectAllProduct -->
  <testcase classname="WalmartCaTest.OnboardTest" name="InstantImportViatype">
    <skipped/>
  </testcase> <!-- InstantImportViatype -->
  <testcase classname="WalmartCaTest.OnboardTest" name="SelectAnyvendorandClickOnImport">
    <skipped/>
  </testcase> <!-- SelectAnyvendorandClickOnImport -->
  <testcase classname="WalmartCaTest.OnboardTest" name="SellerCenterClickable">
    <skipped/>
  </testcase> <!-- SellerCenterClickable -->
  <testcase classname="WalmartCaTest.OnboardTest" name="selectProductVendor">
    <skipped/>
  </testcase> <!-- selectProductVendor -->
  <testcase classname="WalmartCaTest.OnboardTest" name="selectProductType">
    <skipped/>
  </testcase> <!-- selectProductType -->
  <testcase classname="WalmartCaTest.OnboardTest" name="BothInvalid">
    <skipped/>
  </testcase> <!-- BothInvalid -->
  <testcase classname="WalmartCaTest.OnboardTest" name="uncheckCheckBox">
    <skipped/>
  </testcase> <!-- uncheckCheckBox -->
  <testcase classname="WalmartCaTest.OnboardTest" name="SelectAnytypeandClickOnImport">
    <skipped/>
  </testcase> <!-- SelectAnytypeandClickOnImport -->
  <testcase classname="WalmartCaTest.OnboardTest" name="VerifyClickHereLink">
    <skipped/>
  </testcase> <!-- VerifyClickHereLink -->
  <testcase classname="WalmartCaTest.OnboardTest" name="selectCollection">
    <skipped/>
  </testcase> <!-- selectCollection -->
</testsuite> <!-- WalmartCaTest.OnboardTest -->
