<?xml version="1.0" encoding="UTF-8"?>
<!-- Generated by org.testng.reporters.JUnitReportReporter -->
<testsuite hostname="rishabh-1853" failures="0" tests="39" name="WalmartCaTest.OnboardTest" time="191.588" errors="0" timestamp="2023-10-01T21:51:49 IST" skipped="34">
  <testcase classname="WalmartCaTest.OnboardTest" name="VerifyStep1Link" time="53.537"/>
  <testcase classname="WalmartCaTest.OnboardTest" name="BothValid" time="10.852"/>
  <testcase classname="WalmartCaTest.OnboardTest" name="VerifyNextButtonBytype" time="97.717"/>
  <testcase classname="WalmartCaTest.OnboardTest" name="AllBackendImport" time="26.153"/>
  <testcase classname="WalmartCaTest.OnboardTest" name="VerifyValidationForRequiredAttributes" time="3.329"/>
  <testcase classname="WalmartCaTest.OnboardTest" name="BackendImportviaCollection">
    <skipped/>
  </testcase> <!-- BackendImportviaCollection -->
  <testcase classname="WalmartCaTest.OnboardTest" name="ImportOptionVisible">
    <skipped/>
  </testcase> <!-- ImportOptionVisible -->
  <testcase classname="WalmartCaTest.OnboardTest" name="readMoreClickable">
    <skipped/>
  </testcase> <!-- readMoreClickable -->
  <testcase classname="WalmartCaTest.OnboardTest" name="InstantImportViatype">
    <skipped/>
  </testcase> <!-- InstantImportViatype -->
  <testcase classname="WalmartCaTest.OnboardTest" name="IfConsumeridIsgiven">
    <skipped/>
  </testcase> <!-- IfConsumeridIsgiven -->
  <testcase classname="WalmartCaTest.OnboardTest" name="verifyContactUS">
    <skipped/>
  </testcase> <!-- verifyContactUS -->
  <testcase classname="WalmartCaTest.OnboardTest" name="SelectAllProduct">
    <skipped/>
  </testcase> <!-- SelectAllProduct -->
  <testcase classname="WalmartCaTest.OnboardTest" name="VerifyCategoryDropdown">
    <skipped/>
  </testcase> <!-- VerifyCategoryDropdown -->
  <testcase classname="WalmartCaTest.OnboardTest" name="InstantPublishImport">
    <skipped/>
  </testcase> <!-- InstantPublishImport -->
  <testcase classname="WalmartCaTest.OnboardTest" name="IfSecretKeyIsgiven">
    <skipped/>
  </testcase> <!-- IfSecretKeyIsgiven -->
  <testcase classname="WalmartCaTest.OnboardTest" name="InstantImportViaCollection">
    <skipped/>
  </testcase> <!-- InstantImportViaCollection -->
  <testcase classname="WalmartCaTest.OnboardTest" name="SellerCenterClickable">
    <skipped/>
  </testcase> <!-- SellerCenterClickable -->
  <testcase classname="WalmartCaTest.OnboardTest" name="InstantImportViaVendor">
    <skipped/>
  </testcase> <!-- InstantImportViaVendor -->
  <testcase classname="WalmartCaTest.OnboardTest" name="VerifyNextButtonByVendor">
    <skipped/>
  </testcase> <!-- VerifyNextButtonByVendor -->
  <testcase classname="WalmartCaTest.OnboardTest" name="SelectAnyvendorandClickOnImport">
    <skipped/>
  </testcase> <!-- SelectAnyvendorandClickOnImport -->
  <testcase classname="WalmartCaTest.OnboardTest" name="VerifyNextButtonPublish">
    <skipped/>
  </testcase> <!-- VerifyNextButtonPublish -->
  <testcase classname="WalmartCaTest.OnboardTest" name="VerifyClickHereLink">
    <skipped/>
  </testcase> <!-- VerifyClickHereLink -->
  <testcase classname="WalmartCaTest.OnboardTest" name="selectCollection">
    <skipped/>
  </testcase> <!-- selectCollection -->
  <testcase classname="WalmartCaTest.OnboardTest" name="PublishBackendImport">
    <skipped/>
  </testcase> <!-- PublishBackendImport -->
  <testcase classname="WalmartCaTest.OnboardTest" name="uncheckCheckBox">
    <skipped/>
  </testcase> <!-- uncheckCheckBox -->
  <testcase classname="WalmartCaTest.OnboardTest" name="InstantAllImport">
    <skipped/>
  </testcase> <!-- InstantAllImport -->
  <testcase classname="WalmartCaTest.OnboardTest" name="selectProductVendor">
    <skipped/>
  </testcase> <!-- selectProductVendor -->
  <testcase classname="WalmartCaTest.OnboardTest" name="SelectAnyCollectionandClickOnImport">
    <skipped/>
  </testcase> <!-- SelectAnyCollectionandClickOnImport -->
  <testcase classname="WalmartCaTest.OnboardTest" name="SelectAnytypeandClickOnImport">
    <skipped/>
  </testcase> <!-- SelectAnytypeandClickOnImport -->
  <testcase classname="WalmartCaTest.OnboardTest" name="VerifyNextButtonAllProduct">
    <skipped/>
  </testcase> <!-- VerifyNextButtonAllProduct -->
  <testcase classname="WalmartCaTest.OnboardTest" name="VerifyNextButtonByCollection">
    <skipped/>
  </testcase> <!-- VerifyNextButtonByCollection -->
  <testcase classname="WalmartCaTest.OnboardTest" name="selectProductType">
    <skipped/>
  </testcase> <!-- selectProductType -->
  <testcase classname="WalmartCaTest.OnboardTest" name="SelectPublishProduct">
    <skipped/>
  </testcase> <!-- SelectPublishProduct -->
  <testcase classname="WalmartCaTest.OnboardTest" name="BothInvalid">
    <skipped/>
  </testcase> <!-- BothInvalid -->
  <testcase classname="WalmartCaTest.OnboardTest" name="checkCheckBox">
    <skipped/>
  </testcase> <!-- checkCheckBox -->
  <testcase classname="WalmartCaTest.OnboardTest" name="VerifyValidationtext">
    <skipped/>
  </testcase> <!-- VerifyValidationtext -->
  <testcase classname="WalmartCaTest.OnboardTest" name="BackendImportviaVendor">
    <skipped/>
  </testcase> <!-- BackendImportviaVendor -->
  <testcase classname="WalmartCaTest.OnboardTest" name="ClickOnApplyFilter">
    <skipped/>
  </testcase> <!-- ClickOnApplyFilter -->
  <testcase classname="WalmartCaTest.OnboardTest" name="BackendImportviaType">
    <skipped/>
  </testcase> <!-- BackendImportviaType -->
</testsuite> <!-- WalmartCaTest.OnboardTest -->
