<?xml version="1.0" encoding="UTF-8"?>
<!-- Generated by org.testng.reporters.JUnitReportReporter -->
<testsuite hostname="rishabh-1853" failures="0" tests="21" name="WalmartCaTest.OnboardTest" time="148.190" errors="0" timestamp="2023-09-25T21:26:21 IST" skipped="10">
  <testcase classname="WalmartCaTest.OnboardTest" name="VerifyStep1Link" time="61.373"/>
  <testcase classname="WalmartCaTest.OnboardTest" name="IfConsumeridIsgiven" time="3.353"/>
  <testcase classname="WalmartCaTest.OnboardTest" name="BothValid" time="6.611"/>
  <testcase classname="WalmartCaTest.OnboardTest" name="selectProductType" time="49.155"/>
  <testcase classname="WalmartCaTest.OnboardTest" name="selectProductVendor" time="4.131"/>
  <testcase classname="WalmartCaTest.OnboardTest" name="selectCollection" time="3.950"/>
  <testcase classname="WalmartCaTest.OnboardTest" name="SelectPublishProduct" time="2.552"/>
  <testcase classname="WalmartCaTest.OnboardTest" name="SelectAllProduct" time="4.115"/>
  <testcase classname="WalmartCaTest.OnboardTest" name="SelectAnyCollectionandClickOnImport" time="4.627"/>
  <testcase classname="WalmartCaTest.OnboardTest" name="SelectAnyvendorandClickOnImport" time="4.254"/>
  <testcase classname="WalmartCaTest.OnboardTest" name="SelectAnytypeandClickOnImport" time="4.069"/>
  <testcase classname="WalmartCaTest.OnboardTest" name="readMoreClickable">
    <skipped/>
  </testcase> <!-- readMoreClickable -->
  <testcase classname="WalmartCaTest.OnboardTest" name="verifyContactUS">
    <skipped/>
  </testcase> <!-- verifyContactUS -->
  <testcase classname="WalmartCaTest.OnboardTest" name="BothInvalid">
    <skipped/>
  </testcase> <!-- BothInvalid -->
  <testcase classname="WalmartCaTest.OnboardTest" name="uncheckCheckBox">
    <skipped/>
  </testcase> <!-- uncheckCheckBox -->
  <testcase classname="WalmartCaTest.OnboardTest" name="VerifyClickHereLink">
    <skipped/>
  </testcase> <!-- VerifyClickHereLink -->
  <testcase classname="WalmartCaTest.OnboardTest" name="checkCheckBox">
    <skipped/>
  </testcase> <!-- checkCheckBox -->
  <testcase classname="WalmartCaTest.OnboardTest" name="ImportOptionVisible">
    <skipped/>
  </testcase> <!-- ImportOptionVisible -->
  <testcase classname="WalmartCaTest.OnboardTest" name="SellerCenterClickable">
    <skipped/>
  </testcase> <!-- SellerCenterClickable -->
  <testcase classname="WalmartCaTest.OnboardTest" name="ClickOnApplyFilter">
    <skipped/>
  </testcase> <!-- ClickOnApplyFilter -->
  <testcase classname="WalmartCaTest.OnboardTest" name="IfSecretKeyIsgiven">
    <skipped/>
  </testcase> <!-- IfSecretKeyIsgiven -->
</testsuite> <!-- WalmartCaTest.OnboardTest -->
