<?xml version="1.0" encoding="UTF-8"?>
<!-- Generated by org.testng.reporters.JUnitReportReporter -->
<testsuite hostname="DESKTOP-JTCIL9C" failures="0" tests="1" name="WalmartCaTest.OnboardTest" time="73.142" errors="0" timestamp="2023-09-21T22:28:00 IST" skipped="0">
  <testcase classname="WalmartCaTest.OnboardTest" name="VerifyStep1Link" time="73.142"/>
</testsuite> <!-- WalmartCaTest.OnboardTest -->
