<?xml version="1.0" encoding="UTF-8"?>
<!-- Generated by org.testng.reporters.JUnitReportReporter -->
<testsuite hostname="DESKTOP-JTCIL9C" failures="0" tests="24" name="WalmartCaTest.OnboardTest" time="166.264" errors="0" timestamp="2023-09-28T21:10:40 IST" skipped="11">
  <testcase classname="WalmartCaTest.OnboardTest" name="VerifyStep1Link" time="65.400"/>
  <testcase classname="WalmartCaTest.OnboardTest" name="BothValid" time="8.153"/>
  <testcase classname="WalmartCaTest.OnboardTest" name="selectProductType" time="10.266"/>
  <testcase classname="WalmartCaTest.OnboardTest" name="selectProductVendor" time="6.096"/>
  <testcase classname="WalmartCaTest.OnboardTest" name="selectCollection" time="6.238"/>
  <testcase classname="WalmartCaTest.OnboardTest" name="SelectPublishProduct" time="3.041"/>
  <testcase classname="WalmartCaTest.OnboardTest" name="SelectAllProduct" time="3.032"/>
  <testcase classname="WalmartCaTest.OnboardTest" name="SelectAnyCollectionandClickOnImport" time="6.771"/>
  <testcase classname="WalmartCaTest.OnboardTest" name="SelectAnyvendorandClickOnImport" time="7.024"/>
  <testcase classname="WalmartCaTest.OnboardTest" name="SelectAnytypeandClickOnImport" time="6.732"/>
  <testcase classname="WalmartCaTest.OnboardTest" name="InstantImportViaCollection" time="11.499"/>
  <testcase classname="WalmartCaTest.OnboardTest" name="InstantImportViaVendor" time="21.765"/>
  <testcase classname="WalmartCaTest.OnboardTest" name="InstantImportViatype" time="10.247"/>
  <testcase classname="WalmartCaTest.OnboardTest" name="BothInvalid">
    <skipped/>
  </testcase> <!-- BothInvalid -->
  <testcase classname="WalmartCaTest.OnboardTest" name="readMoreClickable">
    <skipped/>
  </testcase> <!-- readMoreClickable -->
  <testcase classname="WalmartCaTest.OnboardTest" name="ImportOptionVisible">
    <skipped/>
  </testcase> <!-- ImportOptionVisible -->
  <testcase classname="WalmartCaTest.OnboardTest" name="uncheckCheckBox">
    <skipped/>
  </testcase> <!-- uncheckCheckBox -->
  <testcase classname="WalmartCaTest.OnboardTest" name="checkCheckBox">
    <skipped/>
  </testcase> <!-- checkCheckBox -->
  <testcase classname="WalmartCaTest.OnboardTest" name="SellerCenterClickable">
    <skipped/>
  </testcase> <!-- SellerCenterClickable -->
  <testcase classname="WalmartCaTest.OnboardTest" name="ClickOnApplyFilter">
    <skipped/>
  </testcase> <!-- ClickOnApplyFilter -->
  <testcase classname="WalmartCaTest.OnboardTest" name="VerifyClickHereLink">
    <skipped/>
  </testcase> <!-- VerifyClickHereLink -->
  <testcase classname="WalmartCaTest.OnboardTest" name="IfConsumeridIsgiven">
    <skipped/>
  </testcase> <!-- IfConsumeridIsgiven -->
  <testcase classname="WalmartCaTest.OnboardTest" name="verifyContactUS">
    <skipped/>
  </testcase> <!-- verifyContactUS -->
  <testcase classname="WalmartCaTest.OnboardTest" name="IfSecretKeyIsgiven">
    <skipped/>
  </testcase> <!-- IfSecretKeyIsgiven -->
</testsuite> <!-- WalmartCaTest.OnboardTest -->
