<?xml version="1.0" encoding="UTF-8"?>
<!-- Generated by org.testng.reporters.JUnitReportReporter -->
<testsuite hostname="DESKTOP-JTCIL9C" failures="0" tests="10" name="WalmartCaTest.OnboardTest" time="126.958" errors="0" timestamp="2023-10-07T20:59:13 IST" skipped="6">
  <testcase classname="WalmartCaTest.OnboardTest" name="VerifyStep1Link" time="62.029"/>
  <testcase classname="WalmartCaTest.OnboardTest" name="BothValid" time="7.114"/>
  <testcase classname="WalmartCaTest.OnboardTest" name="VerifyNextButtonBytype" time="27.762"/>
  <testcase classname="WalmartCaTest.OnboardTest" name="verifyDefaultProfile" time="30.053"/>
  <testcase classname="WalmartCaTest.OnboardTest" name="VerifyValidationForRequiredAttributes">
    <skipped/>
  </testcase> <!-- VerifyValidationForRequiredAttributes -->
  <testcase classname="WalmartCaTest.OnboardTest" name="VerifyClickHereLink">
    <skipped/>
  </testcase> <!-- VerifyClickHereLink -->
  <testcase classname="WalmartCaTest.OnboardTest" name="VerifyCategoryDropdown">
    <skipped/>
  </testcase> <!-- VerifyCategoryDropdown -->
  <testcase classname="WalmartCaTest.OnboardTest" name="CheckSkipandContinueBtnisVisible">
    <skipped/>
  </testcase> <!-- CheckSkipandContinueBtnisVisible -->
  <testcase classname="WalmartCaTest.OnboardTest" name="CheckSkipandContinueBtnisredirecting">
    <skipped/>
  </testcase> <!-- CheckSkipandContinueBtnisredirecting -->
  <testcase classname="WalmartCaTest.OnboardTest" name="VerifyValidationtext">
    <skipped/>
  </testcase> <!-- VerifyValidationtext -->
</testsuite> <!-- WalmartCaTest.OnboardTest -->
